<?xml version="1.0" encoding="UTF-8"?>
<testsuites name="Test suite with multiple test case statuses - Retry 1 times" time="0.494" tests="4" failures="1" errors="1">
   <testsuite name="Test suite with multiple test case statuses - Retry 1 times" tests="4" failures="1" errors="1" time="0.494" skipped="1" timestamp="2024-09-24 15:25:51" hostname="man.hua - 192.168.1.5" id="Test Suites/WebUI Keyword/Test suite with multiple test case statuses - Retry 1 times">
      <properties>
         <property name="deviceName" value=""/>
         <property name="devicePlatform" value=""/>
         <property name="logFolder" value="/Users/man.hua/git/Katalon-test-management-testops/Reports/20240924_152542/WebUI Keyword/Test suite with multiple test case statuses - Retry 1 times/20240924_152542"/>
         <property name="logFiles" value="/Users/man.hua/git/Katalon-test-management-testops/Reports/20240924_152542/WebUI Keyword/Test suite with multiple test case statuses - Retry 1 times/20240924_152542/execution0.log"/>
         <property name="attachments" value=""/>
         <property name="hostName" value="man.hua - 192.168.1.5"/>
         <property name="hostAddress" value="10.10.32.43"/>
         <property name="os" value="Mac OS X 64bit"/>
         <property name="katalonVersion" value="8.6.9.208"/>
      </properties>
      <testcase name="Test Cases/WebUI Keyword/TC_Return error" time="0.017" classname="Test Cases/WebUI Keyword/TC_Return error" status="ERROR">
         <error type="ERROR" message="Test Cases/WebUI Keyword/TC_Return error FAILED.
Reason:
com.kms.katalon.core.exception.StepErrorException: Error
	at com.kms.katalon.core.util.KeywordUtil.markErrorAndStop(KeywordUtil.java:78)
	at com.kms.katalon.core.util.KeywordUtil$markErrorAndStop.call(Unknown Source)
	at TC_Return error.run(TC_Return error:3)
	at com.kms.katalon.core.main.ScriptEngine.run(ScriptEngine.java:194)
	at com.kms.katalon.core.main.ScriptEngine.runScriptAsRawText(ScriptEngine.java:119)
	at com.kms.katalon.core.main.TestCaseExecutor.runScript(TestCaseExecutor.java:448)
	at com.kms.katalon.core.main.TestCaseExecutor.doExecute(TestCaseExecutor.java:439)
	at com.kms.katalon.core.main.TestCaseExecutor.processExecutionPhase(TestCaseExecutor.java:418)
	at com.kms.katalon.core.main.TestCaseExecutor.accessMainPhase(TestCaseExecutor.java:410)
	at com.kms.katalon.core.main.TestCaseExecutor.execute(TestCaseExecutor.java:285)
	at com.kms.katalon.core.main.TestCaseExecutor.execute(TestCaseExecutor.java:369)
	at com.kms.katalon.core.common.CommonExecutor.accessTestCaseMainPhase(CommonExecutor.java:65)
	at com.kms.katalon.core.main.TestSuiteExecutor.accessTestSuiteMainPhase(TestSuiteExecutor.java:148)
	at com.kms.katalon.core.main.TestSuiteExecutor.execute(TestSuiteExecutor.java:106)
	at com.kms.katalon.core.main.TestCaseMain.startTestSuite(TestCaseMain.java:187)
	at com.kms.katalon.core.main.TestCaseMain$startTestSuite$0.call(Unknown Source)
	at TempTestSuite1727166342650.run(TempTestSuite1727166342650.groovy:35)
"/>
         <system-out><![CDATA[2024-09-24 15:25:51 - [TEST_CASE][ERROR] - Test Cases/WebUI Keyword/TC_Return error: Test Cases/WebUI Keyword/TC_Return error FAILED.
Reason:
com.kms.katalon.core.exception.StepErrorException: Error
	at com.kms.katalon.core.util.KeywordUtil.markErrorAndStop(KeywordUtil.java:78)
	at com.kms.katalon.core.util.KeywordUtil$markErrorAndStop.call(Unknown Source)
	at TC_Return error.run(TC_Return error:3)
	at com.kms.katalon.core.main.ScriptEngine.run(ScriptEngine.java:194)
	at com.kms.katalon.core.main.ScriptEngine.runScriptAsRawText(ScriptEngine.java:119)
	at com.kms.katalon.core.main.TestCaseExecutor.runScript(TestCaseExecutor.java:448)
	at com.kms.katalon.core.main.TestCaseExecutor.doExecute(TestCaseExecutor.java:439)
	at com.kms.katalon.core.main.TestCaseExecutor.processExecutionPhase(TestCaseExecutor.java:418)
	at com.kms.katalon.core.main.TestCaseExecutor.accessMainPhase(TestCaseExecutor.java:410)
	at com.kms.katalon.core.main.TestCaseExecutor.execute(TestCaseExecutor.java:285)
	at com.kms.katalon.core.main.TestCaseExecutor.execute(TestCaseExecutor.java:369)
	at com.kms.katalon.core.common.CommonExecutor.accessTestCaseMainPhase(CommonExecutor.java:65)
	at com.kms.katalon.core.main.TestSuiteExecutor.accessTestSuiteMainPhase(TestSuiteExecutor.java:148)
	at com.kms.katalon.core.main.TestSuiteExecutor.execute(TestSuiteExecutor.java:106)
	at com.kms.katalon.core.main.TestCaseMain.startTestSuite(TestCaseMain.java:187)
	at com.kms.katalon.core.main.TestCaseMain$startTestSuite$0.call(Unknown Source)
	at TempTestSuite1727166342650.run(TempTestSuite1727166342650.groovy:35)


2024-09-24 15:25:51 - [TEST_STEP][PASSED] - Start listener action : skipTestCase: null

2024-09-24 15:25:51 - [TEST_STEP][PASSED] - if (get("testCaseId").contains("Return skipped")): null

2024-09-24 15:25:51 - [TEST_STEP][ERROR] - markErrorAndStop("Error"): Test Cases/WebUI Keyword/TC_Return error FAILED.
Reason:
com.kms.katalon.core.exception.StepErrorException: Error
	at com.kms.katalon.core.util.KeywordUtil.markErrorAndStop(KeywordUtil.java:78)
	at com.kms.katalon.core.util.KeywordUtil$markErrorAndStop.call(Unknown Source)
	at TC_Return error.run(TC_Return error:3)
	at com.kms.katalon.core.main.ScriptEngine.run(ScriptEngine.java:194)
	at com.kms.katalon.core.main.ScriptEngine.runScriptAsRawText(ScriptEngine.java:119)
	at com.kms.katalon.core.main.TestCaseExecutor.runScript(TestCaseExecutor.java:448)
	at com.kms.katalon.core.main.TestCaseExecutor.doExecute(TestCaseExecutor.java:439)
	at com.kms.katalon.core.main.TestCaseExecutor.processExecutionPhase(TestCaseExecutor.java:418)
	at com.kms.katalon.core.main.TestCaseExecutor.accessMainPhase(TestCaseExecutor.java:410)
	at com.kms.katalon.core.main.TestCaseExecutor.execute(TestCaseExecutor.java:285)
	at com.kms.katalon.core.main.TestCaseExecutor.execute(TestCaseExecutor.java:369)
	at com.kms.katalon.core.common.CommonExecutor.accessTestCaseMainPhase(CommonExecutor.java:65)
	at com.kms.katalon.core.main.TestSuiteExecutor.accessTestSuiteMainPhase(TestSuiteExecutor.java:148)
	at com.kms.katalon.core.main.TestSuiteExecutor.execute(TestSuiteExecutor.java:106)
	at com.kms.katalon.core.main.TestCaseMain.startTestSuite(TestCaseMain.java:187)
	at com.kms.katalon.core.main.TestCaseMain$startTestSuite$0.call(Unknown Source)
	at TempTestSuite1727166342650.run(TempTestSuite1727166342650.groovy:35)


2024-09-24 15:25:51 - [MESSAGE][ERROR] - Test Cases/WebUI Keyword/TC_Return error FAILED.
Reason:
com.kms.katalon.core.exception.StepErrorException: Error
	at com.kms.katalon.core.util.KeywordUtil.markErrorAndStop(KeywordUtil.java:78)
	at com.kms.katalon.core.util.KeywordUtil$markErrorAndStop.call(Unknown Source)
	at TC_Return error.run(TC_Return error:3)
	at com.kms.katalon.core.main.ScriptEngine.run(ScriptEngine.java:194)
	at com.kms.katalon.core.main.ScriptEngine.runScriptAsRawText(ScriptEngine.java:119)
	at com.kms.katalon.core.main.TestCaseExecutor.runScript(TestCaseExecutor.java:448)
	at com.kms.katalon.core.main.TestCaseExecutor.doExecute(TestCaseExecutor.java:439)
	at com.kms.katalon.core.main.TestCaseExecutor.processExecutionPhase(TestCaseExecutor.java:418)
	at com.kms.katalon.core.main.TestCaseExecutor.accessMainPhase(TestCaseExecutor.java:410)
	at com.kms.katalon.core.main.TestCaseExecutor.execute(TestCaseExecutor.java:285)
	at com.kms.katalon.core.main.TestCaseExecutor.execute(TestCaseExecutor.java:369)
	at com.kms.katalon.core.common.CommonExecutor.accessTestCaseMainPhase(CommonExecutor.java:65)
	at com.kms.katalon.core.main.TestSuiteExecutor.accessTestSuiteMainPhase(TestSuiteExecutor.java:148)
	at com.kms.katalon.core.main.TestSuiteExecutor.execute(TestSuiteExecutor.java:106)
	at com.kms.katalon.core.main.TestCaseMain.startTestSuite(TestCaseMain.java:187)
	at com.kms.katalon.core.main.TestCaseMain$startTestSuite$0.call(Unknown Source)
	at TempTestSuite1727166342650.run(TempTestSuite1727166342650.groovy:35)]]></system-out>
         <system-err><![CDATA[2024-09-24 15:25:51 - [TEST_CASE][ERROR] - Test Cases/WebUI Keyword/TC_Return error: Test Cases/WebUI Keyword/TC_Return error FAILED.
Reason:
com.kms.katalon.core.exception.StepErrorException: Error
	at com.kms.katalon.core.util.KeywordUtil.markErrorAndStop(KeywordUtil.java:78)
	at com.kms.katalon.core.util.KeywordUtil$markErrorAndStop.call(Unknown Source)
	at TC_Return error.run(TC_Return error:3)
	at com.kms.katalon.core.main.ScriptEngine.run(ScriptEngine.java:194)
	at com.kms.katalon.core.main.ScriptEngine.runScriptAsRawText(ScriptEngine.java:119)
	at com.kms.katalon.core.main.TestCaseExecutor.runScript(TestCaseExecutor.java:448)
	at com.kms.katalon.core.main.TestCaseExecutor.doExecute(TestCaseExecutor.java:439)
	at com.kms.katalon.core.main.TestCaseExecutor.processExecutionPhase(TestCaseExecutor.java:418)
	at com.kms.katalon.core.main.TestCaseExecutor.accessMainPhase(TestCaseExecutor.java:410)
	at com.kms.katalon.core.main.TestCaseExecutor.execute(TestCaseExecutor.java:285)
	at com.kms.katalon.core.main.TestCaseExecutor.execute(TestCaseExecutor.java:369)
	at com.kms.katalon.core.common.CommonExecutor.accessTestCaseMainPhase(CommonExecutor.java:65)
	at com.kms.katalon.core.main.TestSuiteExecutor.accessTestSuiteMainPhase(TestSuiteExecutor.java:148)
	at com.kms.katalon.core.main.TestSuiteExecutor.execute(TestSuiteExecutor.java:106)
	at com.kms.katalon.core.main.TestCaseMain.startTestSuite(TestCaseMain.java:187)
	at com.kms.katalon.core.main.TestCaseMain$startTestSuite$0.call(Unknown Source)
	at TempTestSuite1727166342650.run(TempTestSuite1727166342650.groovy:35)]]></system-err>
      </testcase>
      <testcase name="Test Cases/WebUI Keyword/TC_Return passed" time="0.038" classname="Test Cases/WebUI Keyword/TC_Return passed" status="PASSED">
         <system-out><![CDATA[2024-09-24 15:25:51 - [TEST_CASE][PASSED] - Test Cases/WebUI Keyword/TC_Return passed: Test Cases/WebUI Keyword/TC_Return passed

2024-09-24 15:25:51 - [TEST_STEP][PASSED] - Start listener action : skipTestCase: null

2024-09-24 15:25:51 - [TEST_STEP][PASSED] - if (get("testCaseId").contains("Return skipped")): null

2024-09-24 15:25:51 - [TEST_STEP][PASSED] - markPassed("Passed"): Passed

2024-09-24 15:25:51 - [MESSAGE][PASSED] - Passed]]></system-out>
         <system-err><![CDATA[]]></system-err>
      </testcase>
      <testcase name="Test Cases/WebUI Keyword/TC_Return failed" time="0.015" classname="Test Cases/WebUI Keyword/TC_Return failed" status="FAILED">
         <failure type="FAILED" message="Test Cases/WebUI Keyword/TC_Return failed FAILED.
Reason:
com.kms.katalon.core.exception.StepFailedException: Failed
	at com.kms.katalon.core.util.KeywordUtil.markFailed(KeywordUtil.java:19)
	at com.kms.katalon.core.util.KeywordUtil$markFailed$1.call(Unknown Source)
	at TC_Return failed.run(TC_Return failed:3)
	at com.kms.katalon.core.main.ScriptEngine.run(ScriptEngine.java:194)
	at com.kms.katalon.core.main.ScriptEngine.runScriptAsRawText(ScriptEngine.java:119)
	at com.kms.katalon.core.main.TestCaseExecutor.runScript(TestCaseExecutor.java:448)
	at com.kms.katalon.core.main.TestCaseExecutor.doExecute(TestCaseExecutor.java:439)
	at com.kms.katalon.core.main.TestCaseExecutor.processExecutionPhase(TestCaseExecutor.java:418)
	at com.kms.katalon.core.main.TestCaseExecutor.accessMainPhase(TestCaseExecutor.java:410)
	at com.kms.katalon.core.main.TestCaseExecutor.execute(TestCaseExecutor.java:285)
	at com.kms.katalon.core.main.TestCaseExecutor.execute(TestCaseExecutor.java:369)
	at com.kms.katalon.core.common.CommonExecutor.accessTestCaseMainPhase(CommonExecutor.java:65)
	at com.kms.katalon.core.main.TestSuiteExecutor.accessTestSuiteMainPhase(TestSuiteExecutor.java:148)
	at com.kms.katalon.core.main.TestSuiteExecutor.execute(TestSuiteExecutor.java:106)
	at com.kms.katalon.core.main.TestCaseMain.startTestSuite(TestCaseMain.java:187)
	at com.kms.katalon.core.main.TestCaseMain$startTestSuite$0.call(Unknown Source)
	at TempTestSuite1727166342650.run(TempTestSuite1727166342650.groovy:35)
"/>
         <system-out><![CDATA[2024-09-24 15:25:51 - [TEST_CASE][FAILED] - Test Cases/WebUI Keyword/TC_Return failed: Test Cases/WebUI Keyword/TC_Return failed FAILED.
Reason:
com.kms.katalon.core.exception.StepFailedException: Failed
	at com.kms.katalon.core.util.KeywordUtil.markFailed(KeywordUtil.java:19)
	at com.kms.katalon.core.util.KeywordUtil$markFailed$1.call(Unknown Source)
	at TC_Return failed.run(TC_Return failed:3)
	at com.kms.katalon.core.main.ScriptEngine.run(ScriptEngine.java:194)
	at com.kms.katalon.core.main.ScriptEngine.runScriptAsRawText(ScriptEngine.java:119)
	at com.kms.katalon.core.main.TestCaseExecutor.runScript(TestCaseExecutor.java:448)
	at com.kms.katalon.core.main.TestCaseExecutor.doExecute(TestCaseExecutor.java:439)
	at com.kms.katalon.core.main.TestCaseExecutor.processExecutionPhase(TestCaseExecutor.java:418)
	at com.kms.katalon.core.main.TestCaseExecutor.accessMainPhase(TestCaseExecutor.java:410)
	at com.kms.katalon.core.main.TestCaseExecutor.execute(TestCaseExecutor.java:285)
	at com.kms.katalon.core.main.TestCaseExecutor.execute(TestCaseExecutor.java:369)
	at com.kms.katalon.core.common.CommonExecutor.accessTestCaseMainPhase(CommonExecutor.java:65)
	at com.kms.katalon.core.main.TestSuiteExecutor.accessTestSuiteMainPhase(TestSuiteExecutor.java:148)
	at com.kms.katalon.core.main.TestSuiteExecutor.execute(TestSuiteExecutor.java:106)
	at com.kms.katalon.core.main.TestCaseMain.startTestSuite(TestCaseMain.java:187)
	at com.kms.katalon.core.main.TestCaseMain$startTestSuite$0.call(Unknown Source)
	at TempTestSuite1727166342650.run(TempTestSuite1727166342650.groovy:35)


2024-09-24 15:25:51 - [TEST_STEP][PASSED] - Start listener action : skipTestCase: null

2024-09-24 15:25:51 - [TEST_STEP][PASSED] - if (get("testCaseId").contains("Return skipped")): null

2024-09-24 15:25:51 - [TEST_STEP][FAILED] - markFailed("Failed"): Failed

2024-09-24 15:25:51 - [MESSAGE][FAILED] - Failed]]></system-out>
         <system-err><![CDATA[2024-09-24 15:25:51 - [TEST_CASE][FAILED] - Test Cases/WebUI Keyword/TC_Return failed: Test Cases/WebUI Keyword/TC_Return failed FAILED.
Reason:
com.kms.katalon.core.exception.StepFailedException: Failed
	at com.kms.katalon.core.util.KeywordUtil.markFailed(KeywordUtil.java:19)
	at com.kms.katalon.core.util.KeywordUtil$markFailed$1.call(Unknown Source)
	at TC_Return failed.run(TC_Return failed:3)
	at com.kms.katalon.core.main.ScriptEngine.run(ScriptEngine.java:194)
	at com.kms.katalon.core.main.ScriptEngine.runScriptAsRawText(ScriptEngine.java:119)
	at com.kms.katalon.core.main.TestCaseExecutor.runScript(TestCaseExecutor.java:448)
	at com.kms.katalon.core.main.TestCaseExecutor.doExecute(TestCaseExecutor.java:439)
	at com.kms.katalon.core.main.TestCaseExecutor.processExecutionPhase(TestCaseExecutor.java:418)
	at com.kms.katalon.core.main.TestCaseExecutor.accessMainPhase(TestCaseExecutor.java:410)
	at com.kms.katalon.core.main.TestCaseExecutor.execute(TestCaseExecutor.java:285)
	at com.kms.katalon.core.main.TestCaseExecutor.execute(TestCaseExecutor.java:369)
	at com.kms.katalon.core.common.CommonExecutor.accessTestCaseMainPhase(CommonExecutor.java:65)
	at com.kms.katalon.core.main.TestSuiteExecutor.accessTestSuiteMainPhase(TestSuiteExecutor.java:148)
	at com.kms.katalon.core.main.TestSuiteExecutor.execute(TestSuiteExecutor.java:106)
	at com.kms.katalon.core.main.TestCaseMain.startTestSuite(TestCaseMain.java:187)
	at com.kms.katalon.core.main.TestCaseMain$startTestSuite$0.call(Unknown Source)
	at TempTestSuite1727166342650.run(TempTestSuite1727166342650.groovy:35)]]></system-err>
      </testcase>
      <testcase name="Test Cases/WebUI Keyword/TC_Return skipped" time="0.008" classname="Test Cases/WebUI Keyword/TC_Return skipped" status="SKIPPED">
         <system-out><![CDATA[2024-09-24 15:25:52 - [TEST_CASE][SKIPPED] - Test Cases/WebUI Keyword/TC_Return skipped: 

2024-09-24 15:25:52 - [TEST_STEP][PASSED] - Start listener action : skipTestCase: null

2024-09-24 15:25:52 - [TEST_STEP][PASSED] - if (get("testCaseId").contains("Return skipped")): null]]></system-out>
         <system-err><![CDATA[]]></system-err>
      </testcase>
      <system-out><![CDATA[2024-09-24 15:25:51 - [TEST_SUITE][ERROR] - Test suite with multiple test case statuses - Retry 1 times: Test Cases/WebUI Keyword/TC_Return error FAILED.
Reason:
com.kms.katalon.core.exception.StepErrorException: Error
	at com.kms.katalon.core.util.KeywordUtil.markErrorAndStop(KeywordUtil.java:78)
	at com.kms.katalon.core.util.KeywordUtil$markErrorAndStop.call(Unknown Source)
	at TC_Return error.run(TC_Return error:3)
	at com.kms.katalon.core.main.ScriptEngine.run(ScriptEngine.java:194)
	at com.kms.katalon.core.main.ScriptEngine.runScriptAsRawText(ScriptEngine.java:119)
	at com.kms.katalon.core.main.TestCaseExecutor.runScript(TestCaseExecutor.java:448)
	at com.kms.katalon.core.main.TestCaseExecutor.doExecute(TestCaseExecutor.java:439)
	at com.kms.katalon.core.main.TestCaseExecutor.processExecutionPhase(TestCaseExecutor.java:418)
	at com.kms.katalon.core.main.TestCaseExecutor.accessMainPhase(TestCaseExecutor.java:410)
	at com.kms.katalon.core.main.TestCaseExecutor.execute(TestCaseExecutor.java:285)
	at com.kms.katalon.core.common.CommonExecutor.accessTestCaseMainPhase(CommonExecutor.java:65)
	at com.kms.katalon.core.main.TestSuiteExecutor.accessTestSuiteMainPhase(TestSuiteExecutor.java:148)
	at com.kms.katalon.core.main.TestSuiteExecutor.execute(TestSuiteExecutor.java:106)
	at com.kms.katalon.core.main.TestCaseMain.startTestSuite(TestCaseMain.java:187)
	at com.kms.katalon.core.main.TestCaseMain$startTestSuite$0.call(Unknown Source)
	at TempTestSuite1727166342650.run(TempTestSuite1727166342650.groovy:35)]]></system-out>
      <system-err><![CDATA[2024-09-24 15:25:51 - [TEST_SUITE][ERROR] - Test suite with multiple test case statuses - Retry 1 times: Test Cases/WebUI Keyword/TC_Return error FAILED.
Reason:
com.kms.katalon.core.exception.StepErrorException: Error
	at com.kms.katalon.core.util.KeywordUtil.markErrorAndStop(KeywordUtil.java:78)
	at com.kms.katalon.core.util.KeywordUtil$markErrorAndStop.call(Unknown Source)
	at TC_Return error.run(TC_Return error:3)
	at com.kms.katalon.core.main.ScriptEngine.run(ScriptEngine.java:194)
	at com.kms.katalon.core.main.ScriptEngine.runScriptAsRawText(ScriptEngine.java:119)
	at com.kms.katalon.core.main.TestCaseExecutor.runScript(TestCaseExecutor.java:448)
	at com.kms.katalon.core.main.TestCaseExecutor.doExecute(TestCaseExecutor.java:439)
	at com.kms.katalon.core.main.TestCaseExecutor.processExecutionPhase(TestCaseExecutor.java:418)
	at com.kms.katalon.core.main.TestCaseExecutor.accessMainPhase(TestCaseExecutor.java:410)
	at com.kms.katalon.core.main.TestCaseExecutor.execute(TestCaseExecutor.java:285)
	at com.kms.katalon.core.common.CommonExecutor.accessTestCaseMainPhase(CommonExecutor.java:65)
	at com.kms.katalon.core.main.TestSuiteExecutor.accessTestSuiteMainPhase(TestSuiteExecutor.java:148)
	at com.kms.katalon.core.main.TestSuiteExecutor.execute(TestSuiteExecutor.java:106)
	at com.kms.katalon.core.main.TestCaseMain.startTestSuite(TestCaseMain.java:187)
	at com.kms.katalon.core.main.TestCaseMain$startTestSuite$0.call(Unknown Source)
	at TempTestSuite1727166342650.run(TempTestSuite1727166342650.groovy:35)]]></system-err>
   </testsuite>
</testsuites>
