<?xml version="1.0" encoding="UTF-8"?>
<testsuites name="Test suite with multiple test case statuses" time="0.576" tests="3" failures="1" errors="1">
   <testsuite name="Test suite with multiple test case statuses" tests="3" failures="1" errors="1" time="0.576" skipped="0" timestamp="2024-09-17 11:21:04" hostname="man.hua - 10.10.34.24" id="Test Suites/WebUI Keyword/Test suite with multiple test case statuses">
      <properties>
         <property name="deviceName" value=""/>
         <property name="devicePlatform" value=""/>
         <property name="logFolder" value="/Users/man.hua/git/Katalon-test-management-testops/Reports/20240917_112055/WebUI Keyword/Test suite with multiple test case statuses/20240917_112055"/>
         <property name="logFiles" value="/Users/man.hua/git/Katalon-test-management-testops/Reports/20240917_112055/WebUI Keyword/Test suite with multiple test case statuses/20240917_112055/execution0.log"/>
         <property name="attachments" value=""/>
         <property name="hostName" value="man.hua - 10.10.34.24"/>
         <property name="hostAddress" value="10.10.34.24"/>
         <property name="os" value="Mac OS X 64bit"/>
         <property name="katalonVersion" value="8.6.9.208"/>
      </properties>
      <testcase name="Test Cases/WebUI Keyword/TC_Return error" time="0.014" classname="Test Cases/WebUI Keyword/TC_Return error" status="ERROR">
         <error type="ERROR" message="Test Cases/WebUI Keyword/TC_Return error FAILED.
Reason:
com.kms.katalon.core.exception.StepErrorException: Error
	at com.kms.katalon.core.util.KeywordUtil.markErrorAndStop(KeywordUtil.java:78)
	at com.kms.katalon.core.util.KeywordUtil$markErrorAndStop$0.call(Unknown Source)
	at TC_Return error.run(TC_Return error:3)
	at com.kms.katalon.core.main.ScriptEngine.run(ScriptEngine.java:194)
	at com.kms.katalon.core.main.ScriptEngine.runScriptAsRawText(ScriptEngine.java:119)
	at com.kms.katalon.core.main.TestCaseExecutor.runScript(TestCaseExecutor.java:448)
	at com.kms.katalon.core.main.TestCaseExecutor.doExecute(TestCaseExecutor.java:439)
	at com.kms.katalon.core.main.TestCaseExecutor.processExecutionPhase(TestCaseExecutor.java:418)
	at com.kms.katalon.core.main.TestCaseExecutor.accessMainPhase(TestCaseExecutor.java:410)
	at com.kms.katalon.core.main.TestCaseExecutor.execute(TestCaseExecutor.java:285)
	at com.kms.katalon.core.main.TestCaseExecutor.execute(TestCaseExecutor.java:369)
	at com.kms.katalon.core.main.TestCaseExecutor.execute(TestCaseExecutor.java:369)
	at com.kms.katalon.core.main.TestCaseExecutor.execute(TestCaseExecutor.java:369)
	at com.kms.katalon.core.common.CommonExecutor.accessTestCaseMainPhase(CommonExecutor.java:65)
	at com.kms.katalon.core.main.TestSuiteExecutor.accessTestSuiteMainPhase(TestSuiteExecutor.java:148)
	at com.kms.katalon.core.main.TestSuiteExecutor.execute(TestSuiteExecutor.java:106)
	at com.kms.katalon.core.main.TestCaseMain.startTestSuite(TestCaseMain.java:187)
	at com.kms.katalon.core.main.TestCaseMain$startTestSuite$0.call(Unknown Source)
	at TempTestSuite1726546855518.run(TempTestSuite1726546855518.groovy:35)
"/>
         <system-out><![CDATA[2024-09-17 11:21:05 - [TEST_CASE][ERROR] - Test Cases/WebUI Keyword/TC_Return error: Test Cases/WebUI Keyword/TC_Return error FAILED.
Reason:
com.kms.katalon.core.exception.StepErrorException: Error
	at com.kms.katalon.core.util.KeywordUtil.markErrorAndStop(KeywordUtil.java:78)
	at com.kms.katalon.core.util.KeywordUtil$markErrorAndStop$0.call(Unknown Source)
	at TC_Return error.run(TC_Return error:3)
	at com.kms.katalon.core.main.ScriptEngine.run(ScriptEngine.java:194)
	at com.kms.katalon.core.main.ScriptEngine.runScriptAsRawText(ScriptEngine.java:119)
	at com.kms.katalon.core.main.TestCaseExecutor.runScript(TestCaseExecutor.java:448)
	at com.kms.katalon.core.main.TestCaseExecutor.doExecute(TestCaseExecutor.java:439)
	at com.kms.katalon.core.main.TestCaseExecutor.processExecutionPhase(TestCaseExecutor.java:418)
	at com.kms.katalon.core.main.TestCaseExecutor.accessMainPhase(TestCaseExecutor.java:410)
	at com.kms.katalon.core.main.TestCaseExecutor.execute(TestCaseExecutor.java:285)
	at com.kms.katalon.core.main.TestCaseExecutor.execute(TestCaseExecutor.java:369)
	at com.kms.katalon.core.main.TestCaseExecutor.execute(TestCaseExecutor.java:369)
	at com.kms.katalon.core.main.TestCaseExecutor.execute(TestCaseExecutor.java:369)
	at com.kms.katalon.core.common.CommonExecutor.accessTestCaseMainPhase(CommonExecutor.java:65)
	at com.kms.katalon.core.main.TestSuiteExecutor.accessTestSuiteMainPhase(TestSuiteExecutor.java:148)
	at com.kms.katalon.core.main.TestSuiteExecutor.execute(TestSuiteExecutor.java:106)
	at com.kms.katalon.core.main.TestCaseMain.startTestSuite(TestCaseMain.java:187)
	at com.kms.katalon.core.main.TestCaseMain$startTestSuite$0.call(Unknown Source)
	at TempTestSuite1726546855518.run(TempTestSuite1726546855518.groovy:35)


2024-09-17 11:21:05 - [TEST_STEP][PASSED] - Start listener action : skipTestCase: 

2024-09-17 11:21:05 - [TEST_STEP][PASSED] - logInfo(getTestCaseVariables().get("name")): 

2024-09-17 11:21:05 - [MESSAGE][INFO] - 

2024-09-17 11:21:05 - [TEST_STEP][ERROR] - markErrorAndStop("Error"): Test Cases/WebUI Keyword/TC_Return error FAILED.
Reason:
com.kms.katalon.core.exception.StepErrorException: Error
	at com.kms.katalon.core.util.KeywordUtil.markErrorAndStop(KeywordUtil.java:78)
	at com.kms.katalon.core.util.KeywordUtil$markErrorAndStop$0.call(Unknown Source)
	at TC_Return error.run(TC_Return error:3)
	at com.kms.katalon.core.main.ScriptEngine.run(ScriptEngine.java:194)
	at com.kms.katalon.core.main.ScriptEngine.runScriptAsRawText(ScriptEngine.java:119)
	at com.kms.katalon.core.main.TestCaseExecutor.runScript(TestCaseExecutor.java:448)
	at com.kms.katalon.core.main.TestCaseExecutor.doExecute(TestCaseExecutor.java:439)
	at com.kms.katalon.core.main.TestCaseExecutor.processExecutionPhase(TestCaseExecutor.java:418)
	at com.kms.katalon.core.main.TestCaseExecutor.accessMainPhase(TestCaseExecutor.java:410)
	at com.kms.katalon.core.main.TestCaseExecutor.execute(TestCaseExecutor.java:285)
	at com.kms.katalon.core.main.TestCaseExecutor.execute(TestCaseExecutor.java:369)
	at com.kms.katalon.core.main.TestCaseExecutor.execute(TestCaseExecutor.java:369)
	at com.kms.katalon.core.main.TestCaseExecutor.execute(TestCaseExecutor.java:369)
	at com.kms.katalon.core.common.CommonExecutor.accessTestCaseMainPhase(CommonExecutor.java:65)
	at com.kms.katalon.core.main.TestSuiteExecutor.accessTestSuiteMainPhase(TestSuiteExecutor.java:148)
	at com.kms.katalon.core.main.TestSuiteExecutor.execute(TestSuiteExecutor.java:106)
	at com.kms.katalon.core.main.TestCaseMain.startTestSuite(TestCaseMain.java:187)
	at com.kms.katalon.core.main.TestCaseMain$startTestSuite$0.call(Unknown Source)
	at TempTestSuite1726546855518.run(TempTestSuite1726546855518.groovy:35)


2024-09-17 11:21:05 - [MESSAGE][ERROR] - Test Cases/WebUI Keyword/TC_Return error FAILED.
Reason:
com.kms.katalon.core.exception.StepErrorException: Error
	at com.kms.katalon.core.util.KeywordUtil.markErrorAndStop(KeywordUtil.java:78)
	at com.kms.katalon.core.util.KeywordUtil$markErrorAndStop$0.call(Unknown Source)
	at TC_Return error.run(TC_Return error:3)
	at com.kms.katalon.core.main.ScriptEngine.run(ScriptEngine.java:194)
	at com.kms.katalon.core.main.ScriptEngine.runScriptAsRawText(ScriptEngine.java:119)
	at com.kms.katalon.core.main.TestCaseExecutor.runScript(TestCaseExecutor.java:448)
	at com.kms.katalon.core.main.TestCaseExecutor.doExecute(TestCaseExecutor.java:439)
	at com.kms.katalon.core.main.TestCaseExecutor.processExecutionPhase(TestCaseExecutor.java:418)
	at com.kms.katalon.core.main.TestCaseExecutor.accessMainPhase(TestCaseExecutor.java:410)
	at com.kms.katalon.core.main.TestCaseExecutor.execute(TestCaseExecutor.java:285)
	at com.kms.katalon.core.main.TestCaseExecutor.execute(TestCaseExecutor.java:369)
	at com.kms.katalon.core.main.TestCaseExecutor.execute(TestCaseExecutor.java:369)
	at com.kms.katalon.core.main.TestCaseExecutor.execute(TestCaseExecutor.java:369)
	at com.kms.katalon.core.common.CommonExecutor.accessTestCaseMainPhase(CommonExecutor.java:65)
	at com.kms.katalon.core.main.TestSuiteExecutor.accessTestSuiteMainPhase(TestSuiteExecutor.java:148)
	at com.kms.katalon.core.main.TestSuiteExecutor.execute(TestSuiteExecutor.java:106)
	at com.kms.katalon.core.main.TestCaseMain.startTestSuite(TestCaseMain.java:187)
	at com.kms.katalon.core.main.TestCaseMain$startTestSuite$0.call(Unknown Source)
	at TempTestSuite1726546855518.run(TempTestSuite1726546855518.groovy:35)]]></system-out>
         <system-err><![CDATA[2024-09-17 11:21:05 - [TEST_CASE][ERROR] - Test Cases/WebUI Keyword/TC_Return error: Test Cases/WebUI Keyword/TC_Return error FAILED.
Reason:
com.kms.katalon.core.exception.StepErrorException: Error
	at com.kms.katalon.core.util.KeywordUtil.markErrorAndStop(KeywordUtil.java:78)
	at com.kms.katalon.core.util.KeywordUtil$markErrorAndStop$0.call(Unknown Source)
	at TC_Return error.run(TC_Return error:3)
	at com.kms.katalon.core.main.ScriptEngine.run(ScriptEngine.java:194)
	at com.kms.katalon.core.main.ScriptEngine.runScriptAsRawText(ScriptEngine.java:119)
	at com.kms.katalon.core.main.TestCaseExecutor.runScript(TestCaseExecutor.java:448)
	at com.kms.katalon.core.main.TestCaseExecutor.doExecute(TestCaseExecutor.java:439)
	at com.kms.katalon.core.main.TestCaseExecutor.processExecutionPhase(TestCaseExecutor.java:418)
	at com.kms.katalon.core.main.TestCaseExecutor.accessMainPhase(TestCaseExecutor.java:410)
	at com.kms.katalon.core.main.TestCaseExecutor.execute(TestCaseExecutor.java:285)
	at com.kms.katalon.core.main.TestCaseExecutor.execute(TestCaseExecutor.java:369)
	at com.kms.katalon.core.main.TestCaseExecutor.execute(TestCaseExecutor.java:369)
	at com.kms.katalon.core.main.TestCaseExecutor.execute(TestCaseExecutor.java:369)
	at com.kms.katalon.core.common.CommonExecutor.accessTestCaseMainPhase(CommonExecutor.java:65)
	at com.kms.katalon.core.main.TestSuiteExecutor.accessTestSuiteMainPhase(TestSuiteExecutor.java:148)
	at com.kms.katalon.core.main.TestSuiteExecutor.execute(TestSuiteExecutor.java:106)
	at com.kms.katalon.core.main.TestCaseMain.startTestSuite(TestCaseMain.java:187)
	at com.kms.katalon.core.main.TestCaseMain$startTestSuite$0.call(Unknown Source)
	at TempTestSuite1726546855518.run(TempTestSuite1726546855518.groovy:35)]]></system-err>
      </testcase>
      <testcase name="Test Cases/WebUI Keyword/TC_Return passed" time="0.048" classname="Test Cases/WebUI Keyword/TC_Return passed" status="PASSED">
         <system-out><![CDATA[2024-09-17 11:21:05 - [TEST_CASE][PASSED] - Test Cases/WebUI Keyword/TC_Return passed: Test Cases/WebUI Keyword/TC_Return passed

2024-09-17 11:21:05 - [TEST_STEP][PASSED] - Start listener action : skipTestCase: 

2024-09-17 11:21:05 - [TEST_STEP][PASSED] - logInfo(getTestCaseVariables().get("name")): 

2024-09-17 11:21:05 - [MESSAGE][INFO] - 

2024-09-17 11:21:05 - [TEST_STEP][PASSED] - markPassed("Passed"): Passed

2024-09-17 11:21:05 - [MESSAGE][PASSED] - Passed]]></system-out>
         <system-err><![CDATA[]]></system-err>
      </testcase>
      <testcase name="Test Cases/WebUI Keyword/TC_Return failed" time="0.012" classname="Test Cases/WebUI Keyword/TC_Return failed" status="FAILED">
         <failure type="FAILED" message="Test Cases/WebUI Keyword/TC_Return failed FAILED.
Reason:
com.kms.katalon.core.exception.StepFailedException: Failed
	at com.kms.katalon.core.util.KeywordUtil.markFailed(KeywordUtil.java:19)
	at com.kms.katalon.core.util.KeywordUtil$markFailed$2.call(Unknown Source)
	at TC_Return failed.run(TC_Return failed:3)
	at com.kms.katalon.core.main.ScriptEngine.run(ScriptEngine.java:194)
	at com.kms.katalon.core.main.ScriptEngine.runScriptAsRawText(ScriptEngine.java:119)
	at com.kms.katalon.core.main.TestCaseExecutor.runScript(TestCaseExecutor.java:448)
	at com.kms.katalon.core.main.TestCaseExecutor.doExecute(TestCaseExecutor.java:439)
	at com.kms.katalon.core.main.TestCaseExecutor.processExecutionPhase(TestCaseExecutor.java:418)
	at com.kms.katalon.core.main.TestCaseExecutor.accessMainPhase(TestCaseExecutor.java:410)
	at com.kms.katalon.core.main.TestCaseExecutor.execute(TestCaseExecutor.java:285)
	at com.kms.katalon.core.main.TestCaseExecutor.execute(TestCaseExecutor.java:369)
	at com.kms.katalon.core.main.TestCaseExecutor.execute(TestCaseExecutor.java:369)
	at com.kms.katalon.core.main.TestCaseExecutor.execute(TestCaseExecutor.java:369)
	at com.kms.katalon.core.common.CommonExecutor.accessTestCaseMainPhase(CommonExecutor.java:65)
	at com.kms.katalon.core.main.TestSuiteExecutor.accessTestSuiteMainPhase(TestSuiteExecutor.java:148)
	at com.kms.katalon.core.main.TestSuiteExecutor.execute(TestSuiteExecutor.java:106)
	at com.kms.katalon.core.main.TestCaseMain.startTestSuite(TestCaseMain.java:187)
	at com.kms.katalon.core.main.TestCaseMain$startTestSuite$0.call(Unknown Source)
	at TempTestSuite1726546855518.run(TempTestSuite1726546855518.groovy:35)
"/>
         <system-out><![CDATA[2024-09-17 11:21:05 - [TEST_CASE][FAILED] - Test Cases/WebUI Keyword/TC_Return failed: Test Cases/WebUI Keyword/TC_Return failed FAILED.
Reason:
com.kms.katalon.core.exception.StepFailedException: Failed
	at com.kms.katalon.core.util.KeywordUtil.markFailed(KeywordUtil.java:19)
	at com.kms.katalon.core.util.KeywordUtil$markFailed$2.call(Unknown Source)
	at TC_Return failed.run(TC_Return failed:3)
	at com.kms.katalon.core.main.ScriptEngine.run(ScriptEngine.java:194)
	at com.kms.katalon.core.main.ScriptEngine.runScriptAsRawText(ScriptEngine.java:119)
	at com.kms.katalon.core.main.TestCaseExecutor.runScript(TestCaseExecutor.java:448)
	at com.kms.katalon.core.main.TestCaseExecutor.doExecute(TestCaseExecutor.java:439)
	at com.kms.katalon.core.main.TestCaseExecutor.processExecutionPhase(TestCaseExecutor.java:418)
	at com.kms.katalon.core.main.TestCaseExecutor.accessMainPhase(TestCaseExecutor.java:410)
	at com.kms.katalon.core.main.TestCaseExecutor.execute(TestCaseExecutor.java:285)
	at com.kms.katalon.core.main.TestCaseExecutor.execute(TestCaseExecutor.java:369)
	at com.kms.katalon.core.main.TestCaseExecutor.execute(TestCaseExecutor.java:369)
	at com.kms.katalon.core.main.TestCaseExecutor.execute(TestCaseExecutor.java:369)
	at com.kms.katalon.core.common.CommonExecutor.accessTestCaseMainPhase(CommonExecutor.java:65)
	at com.kms.katalon.core.main.TestSuiteExecutor.accessTestSuiteMainPhase(TestSuiteExecutor.java:148)
	at com.kms.katalon.core.main.TestSuiteExecutor.execute(TestSuiteExecutor.java:106)
	at com.kms.katalon.core.main.TestCaseMain.startTestSuite(TestCaseMain.java:187)
	at com.kms.katalon.core.main.TestCaseMain$startTestSuite$0.call(Unknown Source)
	at TempTestSuite1726546855518.run(TempTestSuite1726546855518.groovy:35)


2024-09-17 11:21:05 - [TEST_STEP][PASSED] - Start listener action : skipTestCase: 

2024-09-17 11:21:05 - [TEST_STEP][PASSED] - logInfo(getTestCaseVariables().get("name")): 

2024-09-17 11:21:05 - [MESSAGE][INFO] - 

2024-09-17 11:21:05 - [TEST_STEP][FAILED] - markFailed("Failed"): Failed

2024-09-17 11:21:05 - [MESSAGE][FAILED] - Failed]]></system-out>
         <system-err><![CDATA[2024-09-17 11:21:05 - [TEST_CASE][FAILED] - Test Cases/WebUI Keyword/TC_Return failed: Test Cases/WebUI Keyword/TC_Return failed FAILED.
Reason:
com.kms.katalon.core.exception.StepFailedException: Failed
	at com.kms.katalon.core.util.KeywordUtil.markFailed(KeywordUtil.java:19)
	at com.kms.katalon.core.util.KeywordUtil$markFailed$2.call(Unknown Source)
	at TC_Return failed.run(TC_Return failed:3)
	at com.kms.katalon.core.main.ScriptEngine.run(ScriptEngine.java:194)
	at com.kms.katalon.core.main.ScriptEngine.runScriptAsRawText(ScriptEngine.java:119)
	at com.kms.katalon.core.main.TestCaseExecutor.runScript(TestCaseExecutor.java:448)
	at com.kms.katalon.core.main.TestCaseExecutor.doExecute(TestCaseExecutor.java:439)
	at com.kms.katalon.core.main.TestCaseExecutor.processExecutionPhase(TestCaseExecutor.java:418)
	at com.kms.katalon.core.main.TestCaseExecutor.accessMainPhase(TestCaseExecutor.java:410)
	at com.kms.katalon.core.main.TestCaseExecutor.execute(TestCaseExecutor.java:285)
	at com.kms.katalon.core.main.TestCaseExecutor.execute(TestCaseExecutor.java:369)
	at com.kms.katalon.core.main.TestCaseExecutor.execute(TestCaseExecutor.java:369)
	at com.kms.katalon.core.main.TestCaseExecutor.execute(TestCaseExecutor.java:369)
	at com.kms.katalon.core.common.CommonExecutor.accessTestCaseMainPhase(CommonExecutor.java:65)
	at com.kms.katalon.core.main.TestSuiteExecutor.accessTestSuiteMainPhase(TestSuiteExecutor.java:148)
	at com.kms.katalon.core.main.TestSuiteExecutor.execute(TestSuiteExecutor.java:106)
	at com.kms.katalon.core.main.TestCaseMain.startTestSuite(TestCaseMain.java:187)
	at com.kms.katalon.core.main.TestCaseMain$startTestSuite$0.call(Unknown Source)
	at TempTestSuite1726546855518.run(TempTestSuite1726546855518.groovy:35)]]></system-err>
      </testcase>
      <system-out><![CDATA[2024-09-17 11:21:04 - [TEST_SUITE][ERROR] - Test suite with multiple test case statuses: Test Cases/WebUI Keyword/TC_Return error FAILED.
Reason:
com.kms.katalon.core.exception.StepErrorException: Error
	at com.kms.katalon.core.util.KeywordUtil.markErrorAndStop(KeywordUtil.java:78)
	at com.kms.katalon.core.util.KeywordUtil$markErrorAndStop$0.call(Unknown Source)
	at TC_Return error.run(TC_Return error:3)
	at com.kms.katalon.core.main.ScriptEngine.run(ScriptEngine.java:194)
	at com.kms.katalon.core.main.ScriptEngine.runScriptAsRawText(ScriptEngine.java:119)
	at com.kms.katalon.core.main.TestCaseExecutor.runScript(TestCaseExecutor.java:448)
	at com.kms.katalon.core.main.TestCaseExecutor.doExecute(TestCaseExecutor.java:439)
	at com.kms.katalon.core.main.TestCaseExecutor.processExecutionPhase(TestCaseExecutor.java:418)
	at com.kms.katalon.core.main.TestCaseExecutor.accessMainPhase(TestCaseExecutor.java:410)
	at com.kms.katalon.core.main.TestCaseExecutor.execute(TestCaseExecutor.java:285)
	at com.kms.katalon.core.common.CommonExecutor.accessTestCaseMainPhase(CommonExecutor.java:65)
	at com.kms.katalon.core.main.TestSuiteExecutor.accessTestSuiteMainPhase(TestSuiteExecutor.java:148)
	at com.kms.katalon.core.main.TestSuiteExecutor.execute(TestSuiteExecutor.java:106)
	at com.kms.katalon.core.main.TestCaseMain.startTestSuite(TestCaseMain.java:187)
	at com.kms.katalon.core.main.TestCaseMain$startTestSuite$0.call(Unknown Source)
	at TempTestSuite1726546855518.run(TempTestSuite1726546855518.groovy:35)]]></system-out>
      <system-err><![CDATA[2024-09-17 11:21:04 - [TEST_SUITE][ERROR] - Test suite with multiple test case statuses: Test Cases/WebUI Keyword/TC_Return error FAILED.
Reason:
com.kms.katalon.core.exception.StepErrorException: Error
	at com.kms.katalon.core.util.KeywordUtil.markErrorAndStop(KeywordUtil.java:78)
	at com.kms.katalon.core.util.KeywordUtil$markErrorAndStop$0.call(Unknown Source)
	at TC_Return error.run(TC_Return error:3)
	at com.kms.katalon.core.main.ScriptEngine.run(ScriptEngine.java:194)
	at com.kms.katalon.core.main.ScriptEngine.runScriptAsRawText(ScriptEngine.java:119)
	at com.kms.katalon.core.main.TestCaseExecutor.runScript(TestCaseExecutor.java:448)
	at com.kms.katalon.core.main.TestCaseExecutor.doExecute(TestCaseExecutor.java:439)
	at com.kms.katalon.core.main.TestCaseExecutor.processExecutionPhase(TestCaseExecutor.java:418)
	at com.kms.katalon.core.main.TestCaseExecutor.accessMainPhase(TestCaseExecutor.java:410)
	at com.kms.katalon.core.main.TestCaseExecutor.execute(TestCaseExecutor.java:285)
	at com.kms.katalon.core.common.CommonExecutor.accessTestCaseMainPhase(CommonExecutor.java:65)
	at com.kms.katalon.core.main.TestSuiteExecutor.accessTestSuiteMainPhase(TestSuiteExecutor.java:148)
	at com.kms.katalon.core.main.TestSuiteExecutor.execute(TestSuiteExecutor.java:106)
	at com.kms.katalon.core.main.TestCaseMain.startTestSuite(TestCaseMain.java:187)
	at com.kms.katalon.core.main.TestCaseMain$startTestSuite$0.call(Unknown Source)
	at TempTestSuite1726546855518.run(TempTestSuite1726546855518.groovy:35)]]></system-err>
   </testsuite>
</testsuites>
